<?xml version="1.0" encoding="UTF-8"?>
<testsuite xmlns:xsi="http://www.w3.org/2001/XMLSchema-instance" xsi:noNamespaceSchemaLocation="https://maven.apache.org/surefire/maven-surefire-plugin/xsd/surefire-test-report.xsd" name="es.davidrico.junit.CuentaTest" time="5.588" tests="72" errors="0" skipped="11" failures="12">
  <properties>
[...]
</properties>
  <testcase name="testDineroInsuficienteExceptionCuenta" classname="es.davidrico.junit.CuentaTest" time="0.057"/>
  <testcase name="testSaldoCuentaDev" classname="es.davidrico.junit.CuentaTest" time="0">
    <skipped message="Assumption failed: assumption is not true" type="org.opentest4j.TestAbortedException">org.opentest4j.TestAbortedException: Assumption failed: assumption is not true
	at es.davidrico.junit.CuentaTest.testSaldoCuentaDev(CuentaTest.java:281)
</skipped>
    <system-out><![CDATA[iniciando el metodo.
finalizando el metodo de prueba.
]]></system-out>
  </testcase>
  <testcase name="testSaldoCuentaDev2" classname="es.davidrico.junit.CuentaTest" time="0.003"/>
  <testcase name="testRelacionBancoCuentas" classname="es.davidrico.junit.CuentaTest" time="0.02"/>
  <testcase name="testDebitoCuentaMethodSource{String}[1]" classname="es.davidrico.junit.CuentaTest" time="0.027"/>
  <testcase name="testDebitoCuentaMethodSource{String}[2]" classname="es.davidrico.junit.CuentaTest" time="0.001"/>
  <testcase name="testDebitoCuentaMethodSource{String}[3]" classname="es.davidrico.junit.CuentaTest" time="0.001"/>
  <testcase name="testDebitoCuentaMethodSource{String}[4]" classname="es.davidrico.junit.CuentaTest" time="0.002"/>
  <testcase name="testDebitoCuentaMethodSource{String}[5]" classname="es.davidrico.junit.CuentaTest" time="0.001"/>
  <testcase name="testDebitoCuentaMethodSource{String}[6]" classname="es.davidrico.junit.CuentaTest" time="0.003">
    <failure message="expected: &lt;true&gt; but was: &lt;false&gt;" type="org.opentest4j.AssertionFailedError"><![CDATA[org.opentest4j.AssertionFailedError: expected: <true> but was: <false>
	at es.davidrico.junit.CuentaTest.testDebitoCuentaMethodSource(CuentaTest.java:377)
]]></failure>
    <system-out><![CDATA[iniciando el metodo.
finalizando el metodo de prueba.
]]></system-out>
  </testcase>
  <testcase name="testDebitoCuentaRepetir{RepetitionInfo}[1]" classname="es.davidrico.junit.CuentaTest" time="0.002"/>
  <testcase name="testDebitoCuentaRepetir{RepetitionInfo}[2]" classname="es.davidrico.junit.CuentaTest" time="0.001"/>
  <testcase name="testDebitoCuentaRepetir{RepetitionInfo}[3]" classname="es.davidrico.junit.CuentaTest" time="0.006"/>
  <testcase name="testDebitoCuentaRepetir{RepetitionInfo}[4]" classname="es.davidrico.junit.CuentaTest" time="0.002"/>
  <testcase name="testDebitoCuentaRepetir{RepetitionInfo}[5]" classname="es.davidrico.junit.CuentaTest" time="0.001"/>
  <testcase name="pruebaTimeout2" classname="es.davidrico.junit.CuentaTest$EjemploTimeoutTest" time="0.918"/>
  <testcase name="testTimeoutAssertions" classname="es.davidrico.junit.CuentaTest$EjemploTimeoutTest" time="4.016"/>
  <testcase name="pruebaTimeout" classname="es.davidrico.junit.CuentaTest$EjemploTimeoutTest" time="0.107"/>
  <testcase name="testDebitoCuentaCsvSource2{String, String, String, String}[1]" classname="es.davidrico.junit.CuentaTest$PruebasParametrizadasTest" time="0.018">
    <failure message="expected: &lt;John&gt; but was: &lt;Andres&gt;" type="org.opentest4j.AssertionFailedError"><![CDATA[org.opentest4j.AssertionFailedError: expected: <John> but was: <Andres>
	at es.davidrico.junit.CuentaTest$PruebasParametrizadasTest.testDebitoCuentaCsvSource2(CuentaTest.java:343)
]]></failure>
    <system-out><![CDATA[iniciando el metodo.
200 -> 100
finalizando el metodo de prueba.
]]></system-out>
  </testcase>
  <testcase name="testDebitoCuentaCsvSource2{String, String, String, String}[2]" classname="es.davidrico.junit.CuentaTest$PruebasParametrizadasTest" time="0.004"/>
  <testcase name="testDebitoCuentaCsvSource2{String, String, String, String}[3]" classname="es.davidrico.junit.CuentaTest$PruebasParametrizadasTest" time="0.006">
    <failure message="expected: &lt;maria&gt; but was: &lt;Maria&gt;" type="org.opentest4j.AssertionFailedError"><![CDATA[org.opentest4j.AssertionFailedError: expected: <maria> but was: <Maria>
	at es.davidrico.junit.CuentaTest$PruebasParametrizadasTest.testDebitoCuentaCsvSource2(CuentaTest.java:343)
]]></failure>
    <system-out><![CDATA[iniciando el metodo.
300 -> 300
finalizando el metodo de prueba.
]]></system-out>
  </testcase>
  <testcase name="testDebitoCuentaCsvSource2{String, String, String, String}[4]" classname="es.davidrico.junit.CuentaTest$PruebasParametrizadasTest" time="0.004"/>
  <testcase name="testDebitoCuentaCsvSource2{String, String, String, String}[5]" classname="es.davidrico.junit.CuentaTest$PruebasParametrizadasTest" time="0.007">
    <failure message="expected: &lt;Lucas&gt; but was: &lt;Luca&gt;" type="org.opentest4j.AssertionFailedError"><![CDATA[org.opentest4j.AssertionFailedError: expected: <Lucas> but was: <Luca>
	at es.davidrico.junit.CuentaTest$PruebasParametrizadasTest.testDebitoCuentaCsvSource2(CuentaTest.java:343)
]]></failure>
    <system-out><![CDATA[iniciando el metodo.
750 -> 700
finalizando el metodo de prueba.
]]></system-out>
  </testcase>
  <testcase name="testDebitoCuentaCsvSource2{String, String, String, String}[6]" classname="es.davidrico.junit.CuentaTest$PruebasParametrizadasTest" time="0.003">
    <failure message="expected: &lt;true&gt; but was: &lt;false&gt;" type="org.opentest4j.AssertionFailedError"><![CDATA[org.opentest4j.AssertionFailedError: expected: <true> but was: <false>
	at es.davidrico.junit.CuentaTest$PruebasParametrizadasTest.testDebitoCuentaCsvSource2(CuentaTest.java:344)
]]></failure>
    <system-out><![CDATA[iniciando el metodo.
1000.12345 -> 1000.12345
finalizando el metodo de prueba.
]]></system-out>
  </testcase>
  <testcase name="testDebitoCuentaCsvSource{String, String}[1]" classname="es.davidrico.junit.CuentaTest$PruebasParametrizadasTest" time="0.001"/>
  <testcase name="testDebitoCuentaCsvSource{String, String}[2]" classname="es.davidrico.junit.CuentaTest$PruebasParametrizadasTest" time="0.001"/>
  <testcase name="testDebitoCuentaCsvSource{String, String}[3]" classname="es.davidrico.junit.CuentaTest$PruebasParametrizadasTest" time="0.001"/>
  <testcase name="testDebitoCuentaCsvSource{String, String}[4]" classname="es.davidrico.junit.CuentaTest$PruebasParametrizadasTest" time="0.002"/>
  <testcase name="testDebitoCuentaCsvSource{String, String}[5]" classname="es.davidrico.junit.CuentaTest$PruebasParametrizadasTest" time="0.001"/>
  <testcase name="testDebitoCuentaCsvSource{String, String}[6]" classname="es.davidrico.junit.CuentaTest$PruebasParametrizadasTest" time="0.002">
    <failure message="expected: &lt;true&gt; but was: &lt;false&gt;" type="org.opentest4j.AssertionFailedError"><![CDATA[org.opentest4j.AssertionFailedError: expected: <true> but was: <false>
	at es.davidrico.junit.CuentaTest$PruebasParametrizadasTest.testDebitoCuentaCsvSource(CuentaTest.java:330)
]]></failure>
    <system-out><![CDATA[iniciando el metodo.
6 -> 1000.12345
finalizando el metodo de prueba.
]]></system-out>
  </testcase>
  <testcase name="testDebitoCuentaCsvFileSource{String}[1]" classname="es.davidrico.junit.CuentaTest$PruebasParametrizadasTest" time="0.001"/>
  <testcase name="testDebitoCuentaCsvFileSource{String}[2]" classname="es.davidrico.junit.CuentaTest$PruebasParametrizadasTest" time="0"/>
  <testcase name="testDebitoCuentaCsvFileSource{String}[3]" classname="es.davidrico.junit.CuentaTest$PruebasParametrizadasTest" time="0.001"/>
  <testcase name="testDebitoCuentaCsvFileSource{String}[4]" classname="es.davidrico.junit.CuentaTest$PruebasParametrizadasTest" time="0.001"/>
  <testcase name="testDebitoCuentaCsvFileSource{String}[5]" classname="es.davidrico.junit.CuentaTest$PruebasParametrizadasTest" time="0.001"/>
  <testcase name="testDebitoCuentaCsvFileSource{String}[6]" classname="es.davidrico.junit.CuentaTest$PruebasParametrizadasTest" time="0.001"/>
  <testcase name="testDebitoCuentaCsvFileSource{String}[7]" classname="es.davidrico.junit.CuentaTest$PruebasParametrizadasTest" time="0.001">
    <failure message="expected: &lt;true&gt; but was: &lt;false&gt;" type="org.opentest4j.AssertionFailedError"><![CDATA[org.opentest4j.AssertionFailedError: expected: <true> but was: <false>
	at es.davidrico.junit.CuentaTest$PruebasParametrizadasTest.testDebitoCuentaCsvFileSource(CuentaTest.java:352)
]]></failure>
    <system-out><![CDATA[iniciando el metodo.
finalizando el metodo de prueba.
]]></system-out>
  </testcase>
  <testcase name="testDebitoCuentaCsvFileSource2{String, String, String, String}[1]" classname="es.davidrico.junit.CuentaTest$PruebasParametrizadasTest" time="0.001">
    <failure message="expected: &lt;John&gt; but was: &lt;Andres&gt;" type="org.opentest4j.AssertionFailedError"><![CDATA[org.opentest4j.AssertionFailedError: expected: <John> but was: <Andres>
	at es.davidrico.junit.CuentaTest$PruebasParametrizadasTest.testDebitoCuentaCsvFileSource2(CuentaTest.java:364)
]]></failure>
    <system-out><![CDATA[iniciando el metodo.
finalizando el metodo de prueba.
]]></system-out>
  </testcase>
  <testcase name="testDebitoCuentaCsvFileSource2{String, String, String, String}[2]" classname="es.davidrico.junit.CuentaTest$PruebasParametrizadasTest" time="0.001"/>
  <testcase name="testDebitoCuentaCsvFileSource2{String, String, String, String}[3]" classname="es.davidrico.junit.CuentaTest$PruebasParametrizadasTest" time="0.001">
    <failure message="expected: &lt;maria&gt; but was: &lt;Maria&gt;" type="org.opentest4j.AssertionFailedError"><![CDATA[org.opentest4j.AssertionFailedError: expected: <maria> but was: <Maria>
	at es.davidrico.junit.CuentaTest$PruebasParametrizadasTest.testDebitoCuentaCsvFileSource2(CuentaTest.java:364)
]]></failure>
    <system-out><![CDATA[iniciando el metodo.
finalizando el metodo de prueba.
]]></system-out>
  </testcase>
  <testcase name="testDebitoCuentaCsvFileSource2{String, String, String, String}[4]" classname="es.davidrico.junit.CuentaTest$PruebasParametrizadasTest" time="0.001"/>
  <testcase name="testDebitoCuentaCsvFileSource2{String, String, String, String}[5]" classname="es.davidrico.junit.CuentaTest$PruebasParametrizadasTest" time="0.002">
    <failure message="expected: &lt;Lucas&gt; but was: &lt;Luca&gt;" type="org.opentest4j.AssertionFailedError"><![CDATA[org.opentest4j.AssertionFailedError: expected: <Lucas> but was: <Luca>
	at es.davidrico.junit.CuentaTest$PruebasParametrizadasTest.testDebitoCuentaCsvFileSource2(CuentaTest.java:364)
]]></failure>
    <system-out><![CDATA[iniciando el metodo.
finalizando el metodo de prueba.
]]></system-out>
  </testcase>
  <testcase name="testDebitoCuentaCsvFileSource2{String, String, String, String}[6]" classname="es.davidrico.junit.CuentaTest$PruebasParametrizadasTest" time="0.002">
    <failure message="expected: &lt;true&gt; but was: &lt;false&gt;" type="org.opentest4j.AssertionFailedError"><![CDATA[org.opentest4j.AssertionFailedError: expected: <true> but was: <false>
	at es.davidrico.junit.CuentaTest$PruebasParametrizadasTest.testDebitoCuentaCsvFileSource2(CuentaTest.java:366)
]]></failure>
    <system-out><![CDATA[iniciando el metodo.
finalizando el metodo de prueba.
]]></system-out>
  </testcase>
  <testcase name="testDebitoCuentaValueSource{String}[1]" classname="es.davidrico.junit.CuentaTest$PruebasParametrizadasTest" time="0"/>
  <testcase name="testDebitoCuentaValueSource{String}[2]" classname="es.davidrico.junit.CuentaTest$PruebasParametrizadasTest" time="0.001"/>
  <testcase name="testDebitoCuentaValueSource{String}[3]" classname="es.davidrico.junit.CuentaTest$PruebasParametrizadasTest" time="0.001"/>
  <testcase name="testDebitoCuentaValueSource{String}[4]" classname="es.davidrico.junit.CuentaTest$PruebasParametrizadasTest" time="0.001"/>
  <testcase name="testDebitoCuentaValueSource{String}[5]" classname="es.davidrico.junit.CuentaTest$PruebasParametrizadasTest" time="0.001"/>
  <testcase name="testDebitoCuentaValueSource{String}[6]" classname="es.davidrico.junit.CuentaTest$PruebasParametrizadasTest" time="0.002">
    <failure message="expected: &lt;true&gt; but was: &lt;false&gt;" type="org.opentest4j.AssertionFailedError"><![CDATA[org.opentest4j.AssertionFailedError: expected: <true> but was: <false>
	at es.davidrico.junit.CuentaTest$PruebasParametrizadasTest.testDebitoCuentaValueSource(CuentaTest.java:321)
]]></failure>
    <system-out><![CDATA[iniciando el metodo.
finalizando el metodo de prueba.
]]></system-out>
  </testcase>
  <testcase name="testProcesadores" classname="es.davidrico.junit.CuentaTest$VariableAmbienteTest" time="0.001"/>
  <testcase name="testEnv" classname="es.davidrico.junit.CuentaTest$VariableAmbienteTest" time="0">
    <skipped message="Environment variable [ENVIRONMENT] does not exist"/>
  </testcase>
  <testcase name="testEnvProdDisabled" classname="es.davidrico.junit.CuentaTest$VariableAmbienteTest" time="0"/>
  <testcase name="testJavaHome" classname="es.davidrico.junit.CuentaTest$VariableAmbienteTest" time="0">
    <skipped message="Environment variable [JAVA_HOME] with value [C:\jdk-17.0.2] does not match regular expression [.*jdk-15.0.1.*]"/>
  </testcase>
  <testcase name="imprimirVariablesAmbiente" classname="es.davidrico.junit.CuentaTest$VariableAmbienteTest" time="0.005"/>
  <testcase name="testDev" classname="es.davidrico.junit.CuentaTest$SistemPropertiesTest" time="0">
    <skipped message="System property [ENV] does not exist"/>
  </testcase>
  <testcase name="testNO64" classname="es.davidrico.junit.CuentaTest$SistemPropertiesTest" time="0">
    <skipped message="System property [os.arch] with value [amd64] does not match regular expression [.*32.*]"/>
  </testcase>
  <testcase name="testUsername" classname="es.davidrico.junit.CuentaTest$SistemPropertiesTest" time="0">
    <skipped message="System property [user.name] with value [HP] does not match regular expression [aguzm]"/>
  </testcase>
  <testcase name="testJavaVersion" classname="es.davidrico.junit.CuentaTest$SistemPropertiesTest" time="0">
    <skipped message="System property [java.version] with value [17.0.2] does not match regular expression [.*15.*]"/>
  </testcase>
  <testcase name="imprimirSystemProperties" classname="es.davidrico.junit.CuentaTest$SistemPropertiesTest" time="0.004"/>
  <testcase name="testSolo64" classname="es.davidrico.junit.CuentaTest$SistemPropertiesTest" time="0.002"/>
  <testcase name="soloJDK15" classname="es.davidrico.junit.CuentaTest$JavaVersionTest" time="0">
    <skipped message="Disabled on JRE version: 17.0.2"/>
  </testcase>
  <testcase name="soloJdk8" classname="es.davidrico.junit.CuentaTest$JavaVersionTest" time="0">
    <skipped message="Disabled on JRE version: 17.0.2"/>
  </testcase>
  <testcase name="testNoJDK15" classname="es.davidrico.junit.CuentaTest$JavaVersionTest" time="0.001"/>
  <testcase name="testNoWindows" classname="es.davidrico.junit.CuentaTest$SistemaOperativoTest" time="0">
    <skipped message="Disabled on operating system: Windows 10"/>
  </testcase>
  <testcase name="testSoloLinuxMac" classname="es.davidrico.junit.CuentaTest$SistemaOperativoTest" time="0">
    <skipped message="Disabled on operating system: Windows 10"/>
  </testcase>
  <testcase name="testSoloWindows" classname="es.davidrico.junit.CuentaTest$SistemaOperativoTest" time="0"/>
  <testcase name="testCreditoCuenta" classname="es.davidrico.junit.CuentaTest$CuentaOperacionesTest" time="0"/>
  <testcase name="testDebitoCuenta" classname="es.davidrico.junit.CuentaTest$CuentaOperacionesTest" time="0.001"/>
  <testcase name="testTransferirDineroCuentas" classname="es.davidrico.junit.CuentaTest$CuentaOperacionesTest" time="0.001"/>
  <testcase name="testSaldoCuenta" classname="es.davidrico.junit.CuentaTest$CuentaTestNombreSaldo" time="0.001"/>
  <testcase name="testReferenciaCuenta" classname="es.davidrico.junit.CuentaTest$CuentaTestNombreSaldo" time="0.001"/>
  <testcase name="testNombreCuenta" classname="es.davidrico.junit.CuentaTest$CuentaTestNombreSaldo" time="0.002"/>
</testsuite>