<?xml version="1.0" encoding="UTF-8"?>
<testsuite xmlns:xsi="http://www.w3.org/2001/XMLSchema-instance" xsi:noNamespaceSchemaLocation="https://maven.apache.org/surefire/maven-surefire-plugin/xsd/surefire-test-report.xsd" name="es.davidrico.junit.CuentaTest" time="5.588" tests="72" errors="0" skipped="11" failures="12">
  <properties>
    <property name="java.specification.version" value="17"/>
    <property name="sun.cpu.isalist" value="amd64"/>
    <property name="sun.jnu.encoding" value="Cp1252"/>
    <property name="java.class.path" value="C:\Users\HP\Desktop\David\Git\03-master-java-junit\target\test-classes;C:\Users\HP\Desktop\David\Git\03-master-java-junit\target\classes;C:\Users\HP\.m2\repository\org\junit\jupiter\junit-jupiter\5.6.3\junit-jupiter-5.6.3.jar;C:\Users\HP\.m2\repository\org\junit\jupiter\junit-jupiter-api\5.6.3\junit-jupiter-api-5.6.3.jar;C:\Users\HP\.m2\repository\org\apiguardian\apiguardian-api\1.1.0\apiguardian-api-1.1.0.jar;C:\Users\HP\.m2\repository\org\opentest4j\opentest4j\1.2.0\opentest4j-1.2.0.jar;C:\Users\HP\.m2\repository\org\junit\platform\junit-platform-commons\1.6.3\junit-platform-commons-1.6.3.jar;C:\Users\HP\.m2\repository\org\junit\jupiter\junit-jupiter-params\5.6.3\junit-jupiter-params-5.6.3.jar;C:\Users\HP\.m2\repository\org\junit\jupiter\junit-jupiter-engine\5.6.3\junit-jupiter-engine-5.6.3.jar;C:\Users\HP\.m2\repository\org\junit\platform\junit-platform-engine\1.6.3\junit-platform-engine-1.6.3.jar;"/>
    <property name="java.vm.vendor" value="Oracle Corporation"/>
    <property name="sun.arch.data.model" value="64"/>
    <property name="user.variant" value=""/>
    <property name="java.vendor.url" value="https://java.oracle.com/"/>
    <property name="user.timezone" value="Europe/Madrid"/>
    <property name="os.name" value="Windows 10"/>
    <property name="java.vm.specification.version" value="17"/>
    <property name="sun.java.launcher" value="SUN_STANDARD"/>
    <property name="user.country" value="ES"/>
    <property name="sun.boot.library.path" value="C:\jdk-17.0.2\bin"/>
    <property name="sun.java.command" value="C:\Users\HP\AppData\Local\Temp\surefire12073977739390001845\surefirebooter8660404280110096331.jar C:\Users\HP\AppData\Local\Temp\surefire12073977739390001845 2024-06-10T12-57-58_272-jvmRun1 surefire5324678941919959482tmp surefire_04560066384282652300tmp"/>
    <property name="jdk.debug" value="release"/>
    <property name="surefire.test.class.path" value="C:\Users\HP\Desktop\David\Git\03-master-java-junit\target\test-classes;C:\Users\HP\Desktop\David\Git\03-master-java-junit\target\classes;C:\Users\HP\.m2\repository\org\junit\jupiter\junit-jupiter\5.6.3\junit-jupiter-5.6.3.jar;C:\Users\HP\.m2\repository\org\junit\jupiter\junit-jupiter-api\5.6.3\junit-jupiter-api-5.6.3.jar;C:\Users\HP\.m2\repository\org\apiguardian\apiguardian-api\1.1.0\apiguardian-api-1.1.0.jar;C:\Users\HP\.m2\repository\org\opentest4j\opentest4j\1.2.0\opentest4j-1.2.0.jar;C:\Users\HP\.m2\repository\org\junit\platform\junit-platform-commons\1.6.3\junit-platform-commons-1.6.3.jar;C:\Users\HP\.m2\repository\org\junit\jupiter\junit-jupiter-params\5.6.3\junit-jupiter-params-5.6.3.jar;C:\Users\HP\.m2\repository\org\junit\jupiter\junit-jupiter-engine\5.6.3\junit-jupiter-engine-5.6.3.jar;C:\Users\HP\.m2\repository\org\junit\platform\junit-platform-engine\1.6.3\junit-platform-engine-1.6.3.jar;"/>
    <property name="sun.cpu.endian" value="little"/>
    <property name="user.home" value="C:\Users\HP"/>
    <property name="user.language" value="es"/>
    <property name="java.specification.vendor" value="Oracle Corporation"/>
    <property name="java.version.date" value="2022-01-18"/>
    <property name="java.home" value="C:\jdk-17.0.2"/>
    <property name="file.separator" value="\"/>
    <property name="basedir" value="C:\Users\HP\Desktop\David\Git\03-master-java-junit"/>
    <property name="java.vm.compressedOopsMode" value="Zero based"/>
    <property name="line.separator" value="&#10;"/>
    <property name="java.vm.specification.vendor" value="Oracle Corporation"/>
    <property name="java.specification.name" value="Java Platform API Specification"/>
    <property name="surefire.real.class.path" value="C:\Users\HP\AppData\Local\Temp\surefire12073977739390001845\surefirebooter8660404280110096331.jar"/>
    <property name="user.script" value=""/>
    <property name="sun.management.compiler" value="HotSpot 64-Bit Tiered Compilers"/>
    <property name="java.runtime.version" value="17.0.2+8-86"/>
    <property name="user.name" value="HP"/>
    <property name="path.separator" value=";"/>
    <property name="os.version" value="10.0"/>
    <property name="java.runtime.name" value="OpenJDK Runtime Environment"/>
    <property name="file.encoding" value="Cp1252"/>
    <property name="java.vm.name" value="OpenJDK 64-Bit Server VM"/>
    <property name="localRepository" value="C:\Users\HP\.m2\repository"/>
    <property name="java.vendor.url.bug" value="https://bugreport.java.com/bugreport/"/>
    <property name="java.io.tmpdir" value="C:\Users\HP\AppData\Local\Temp\"/>
    <property name="idea.version" value="2024.1.2"/>
    <property name="java.version" value="17.0.2"/>
    <property name="user.dir" value="C:\Users\HP\Desktop\David\Git\03-master-java-junit"/>
    <property name="os.arch" value="amd64"/>
    <property name="java.vm.specification.name" value="Java Virtual Machine Specification"/>
    <property name="sun.os.patch.level" value=""/>
    <property name="native.encoding" value="Cp1252"/>
    <property name="java.library.path" value="C:\jdk-17.0.2\bin;C:\Windows\Sun\Java\bin;C:\Windows\system32;C:\Windows;C:\Windows\system32;C:\Windows;C:\Windows\System32\Wbem;C:\Windows\System32\WindowsPowerShell\v1.0\;C:\Windows\System32\OpenSSH\;C:\Program Files (x86)\NVIDIA Corporation\PhysX\Common;C:\Program Files\AutoFirma\AutoFirma;C:\ProgramData\chocolatey\bin;C:\Program Files (x86)\dotnet\;C:\Program Files\Git\cmd;%JAVA_HOME%\bin;C:\Users\HP\AppData\Local\Microsoft\WindowsApps;C:\Users\HP\AppData\Local\Programs\Microsoft VS Code\bin;C:\Program Files\JetBrains\IntelliJ IDEA Community Edition 2024.1.2\bin;;C:\jdk-17.0.2\bin;C:\apache-maven-3.9.7\bin;;."/>
    <property name="java.vm.info" value="mixed mode, sharing"/>
    <property name="java.vendor" value="Oracle Corporation"/>
    <property name="java.vm.version" value="17.0.2+8-86"/>
    <property name="sun.io.unicode.encoding" value="UnicodeLittle"/>
    <property name="java.class.version" value="61.0"/>
  </properties>
  <testcase name="testDineroInsuficienteExceptionCuenta" classname="es.davidrico.junit.CuentaTest" time="0.057"/>
  <testcase name="testSaldoCuentaDev" classname="es.davidrico.junit.CuentaTest" time="0">
    <skipped message="Assumption failed: assumption is not true" type="org.opentest4j.TestAbortedException">org.opentest4j.TestAbortedException: Assumption failed: assumption is not true
	at es.davidrico.junit.CuentaTest.testSaldoCuentaDev(CuentaTest.java:281)
</skipped>
    <system-out><![CDATA[iniciando el metodo.
finalizando el metodo de prueba.
]]></system-out>
  </testcase>
  <testcase name="testSaldoCuentaDev2" classname="es.davidrico.junit.CuentaTest" time="0.003"/>
  <testcase name="testRelacionBancoCuentas" classname="es.davidrico.junit.CuentaTest" time="0.02"/>
  <testcase name="testDebitoCuentaMethodSource{String}[1]" classname="es.davidrico.junit.CuentaTest" time="0.027"/>
  <testcase name="testDebitoCuentaMethodSource{String}[2]" classname="es.davidrico.junit.CuentaTest" time="0.001"/>
  <testcase name="testDebitoCuentaMethodSource{String}[3]" classname="es.davidrico.junit.CuentaTest" time="0.001"/>
  <testcase name="testDebitoCuentaMethodSource{String}[4]" classname="es.davidrico.junit.CuentaTest" time="0.002"/>
  <testcase name="testDebitoCuentaMethodSource{String}[5]" classname="es.davidrico.junit.CuentaTest" time="0.001"/>
  <testcase name="testDebitoCuentaMethodSource{String}[6]" classname="es.davidrico.junit.CuentaTest" time="0.003">
    <failure message="expected: &lt;true&gt; but was: &lt;false&gt;" type="org.opentest4j.AssertionFailedError"><![CDATA[org.opentest4j.AssertionFailedError: expected: <true> but was: <false>
	at es.davidrico.junit.CuentaTest.testDebitoCuentaMethodSource(CuentaTest.java:377)
]]></failure>
    <system-out><![CDATA[iniciando el metodo.
finalizando el metodo de prueba.
]]></system-out>
  </testcase>
  <testcase name="testDebitoCuentaRepetir{RepetitionInfo}[1]" classname="es.davidrico.junit.CuentaTest" time="0.002"/>
  <testcase name="testDebitoCuentaRepetir{RepetitionInfo}[2]" classname="es.davidrico.junit.CuentaTest" time="0.001"/>
  <testcase name="testDebitoCuentaRepetir{RepetitionInfo}[3]" classname="es.davidrico.junit.CuentaTest" time="0.006"/>
  <testcase name="testDebitoCuentaRepetir{RepetitionInfo}[4]" classname="es.davidrico.junit.CuentaTest" time="0.002"/>
  <testcase name="testDebitoCuentaRepetir{RepetitionInfo}[5]" classname="es.davidrico.junit.CuentaTest" time="0.001"/>
  <testcase name="pruebaTimeout2" classname="es.davidrico.junit.CuentaTest$EjemploTimeoutTest" time="0.918"/>
  <testcase name="testTimeoutAssertions" classname="es.davidrico.junit.CuentaTest$EjemploTimeoutTest" time="4.016"/>
  <testcase name="pruebaTimeout" classname="es.davidrico.junit.CuentaTest$EjemploTimeoutTest" time="0.107"/>
  <testcase name="testDebitoCuentaCsvSource2{String, String, String, String}[1]" classname="es.davidrico.junit.CuentaTest$PruebasParametrizadasTest" time="0.018">
    <failure message="expected: &lt;John&gt; but was: &lt;Andres&gt;" type="org.opentest4j.AssertionFailedError"><![CDATA[org.opentest4j.AssertionFailedError: expected: <John> but was: <Andres>
	at es.davidrico.junit.CuentaTest$PruebasParametrizadasTest.testDebitoCuentaCsvSource2(CuentaTest.java:343)
]]></failure>
    <system-out><![CDATA[iniciando el metodo.
200 -> 100
finalizando el metodo de prueba.
]]></system-out>
  </testcase>
  <testcase name="testDebitoCuentaCsvSource2{String, String, String, String}[2]" classname="es.davidrico.junit.CuentaTest$PruebasParametrizadasTest" time="0.004"/>
  <testcase name="testDebitoCuentaCsvSource2{String, String, String, String}[3]" classname="es.davidrico.junit.CuentaTest$PruebasParametrizadasTest" time="0.006">
    <failure message="expected: &lt;maria&gt; but was: &lt;Maria&gt;" type="org.opentest4j.AssertionFailedError"><![CDATA[org.opentest4j.AssertionFailedError: expected: <maria> but was: <Maria>
	at es.davidrico.junit.CuentaTest$PruebasParametrizadasTest.testDebitoCuentaCsvSource2(CuentaTest.java:343)
]]></failure>
    <system-out><![CDATA[iniciando el metodo.
300 -> 300
finalizando el metodo de prueba.
]]></system-out>
  </testcase>
  <testcase name="testDebitoCuentaCsvSource2{String, String, String, String}[4]" classname="es.davidrico.junit.CuentaTest$PruebasParametrizadasTest" time="0.004"/>
  <testcase name="testDebitoCuentaCsvSource2{String, String, String, String}[5]" classname="es.davidrico.junit.CuentaTest$PruebasParametrizadasTest" time="0.007">
    <failure message="expected: &lt;Lucas&gt; but was: &lt;Luca&gt;" type="org.opentest4j.AssertionFailedError"><![CDATA[org.opentest4j.AssertionFailedError: expected: <Lucas> but was: <Luca>
	at es.davidrico.junit.CuentaTest$PruebasParametrizadasTest.testDebitoCuentaCsvSource2(CuentaTest.java:343)
]]></failure>
    <system-out><![CDATA[iniciando el metodo.
750 -> 700
finalizando el metodo de prueba.
]]></system-out>
  </testcase>
  <testcase name="testDebitoCuentaCsvSource2{String, String, String, String}[6]" classname="es.davidrico.junit.CuentaTest$PruebasParametrizadasTest" time="0.003">
    <failure message="expected: &lt;true&gt; but was: &lt;false&gt;" type="org.opentest4j.AssertionFailedError"><![CDATA[org.opentest4j.AssertionFailedError: expected: <true> but was: <false>
	at es.davidrico.junit.CuentaTest$PruebasParametrizadasTest.testDebitoCuentaCsvSource2(CuentaTest.java:344)
]]></failure>
    <system-out><![CDATA[iniciando el metodo.
1000.12345 -> 1000.12345
finalizando el metodo de prueba.
]]></system-out>
  </testcase>
  <testcase name="testDebitoCuentaCsvSource{String, String}[1]" classname="es.davidrico.junit.CuentaTest$PruebasParametrizadasTest" time="0.001"/>
  <testcase name="testDebitoCuentaCsvSource{String, String}[2]" classname="es.davidrico.junit.CuentaTest$PruebasParametrizadasTest" time="0.001"/>
  <testcase name="testDebitoCuentaCsvSource{String, String}[3]" classname="es.davidrico.junit.CuentaTest$PruebasParametrizadasTest" time="0.001"/>
  <testcase name="testDebitoCuentaCsvSource{String, String}[4]" classname="es.davidrico.junit.CuentaTest$PruebasParametrizadasTest" time="0.002"/>
  <testcase name="testDebitoCuentaCsvSource{String, String}[5]" classname="es.davidrico.junit.CuentaTest$PruebasParametrizadasTest" time="0.001"/>
  <testcase name="testDebitoCuentaCsvSource{String, String}[6]" classname="es.davidrico.junit.CuentaTest$PruebasParametrizadasTest" time="0.002">
    <failure message="expected: &lt;true&gt; but was: &lt;false&gt;" type="org.opentest4j.AssertionFailedError"><![CDATA[org.opentest4j.AssertionFailedError: expected: <true> but was: <false>
	at es.davidrico.junit.CuentaTest$PruebasParametrizadasTest.testDebitoCuentaCsvSource(CuentaTest.java:330)
]]></failure>
    <system-out><![CDATA[iniciando el metodo.
6 -> 1000.12345
finalizando el metodo de prueba.
]]></system-out>
  </testcase>
  <testcase name="testDebitoCuentaCsvFileSource{String}[1]" classname="es.davidrico.junit.CuentaTest$PruebasParametrizadasTest" time="0.001"/>
  <testcase name="testDebitoCuentaCsvFileSource{String}[2]" classname="es.davidrico.junit.CuentaTest$PruebasParametrizadasTest" time="0"/>
  <testcase name="testDebitoCuentaCsvFileSource{String}[3]" classname="es.davidrico.junit.CuentaTest$PruebasParametrizadasTest" time="0.001"/>
  <testcase name="testDebitoCuentaCsvFileSource{String}[4]" classname="es.davidrico.junit.CuentaTest$PruebasParametrizadasTest" time="0.001"/>
  <testcase name="testDebitoCuentaCsvFileSource{String}[5]" classname="es.davidrico.junit.CuentaTest$PruebasParametrizadasTest" time="0.001"/>
  <testcase name="testDebitoCuentaCsvFileSource{String}[6]" classname="es.davidrico.junit.CuentaTest$PruebasParametrizadasTest" time="0.001"/>
  <testcase name="testDebitoCuentaCsvFileSource{String}[7]" classname="es.davidrico.junit.CuentaTest$PruebasParametrizadasTest" time="0.001">
    <failure message="expected: &lt;true&gt; but was: &lt;false&gt;" type="org.opentest4j.AssertionFailedError"><![CDATA[org.opentest4j.AssertionFailedError: expected: <true> but was: <false>
	at es.davidrico.junit.CuentaTest$PruebasParametrizadasTest.testDebitoCuentaCsvFileSource(CuentaTest.java:352)
]]></failure>
    <system-out><![CDATA[iniciando el metodo.
finalizando el metodo de prueba.
]]></system-out>
  </testcase>
  <testcase name="testDebitoCuentaCsvFileSource2{String, String, String, String}[1]" classname="es.davidrico.junit.CuentaTest$PruebasParametrizadasTest" time="0.001">
    <failure message="expected: &lt;John&gt; but was: &lt;Andres&gt;" type="org.opentest4j.AssertionFailedError"><![CDATA[org.opentest4j.AssertionFailedError: expected: <John> but was: <Andres>
	at es.davidrico.junit.CuentaTest$PruebasParametrizadasTest.testDebitoCuentaCsvFileSource2(CuentaTest.java:364)
]]></failure>
    <system-out><![CDATA[iniciando el metodo.
finalizando el metodo de prueba.
]]></system-out>
  </testcase>
  <testcase name="testDebitoCuentaCsvFileSource2{String, String, String, String}[2]" classname="es.davidrico.junit.CuentaTest$PruebasParametrizadasTest" time="0.001"/>
  <testcase name="testDebitoCuentaCsvFileSource2{String, String, String, String}[3]" classname="es.davidrico.junit.CuentaTest$PruebasParametrizadasTest" time="0.001">
    <failure message="expected: &lt;maria&gt; but was: &lt;Maria&gt;" type="org.opentest4j.AssertionFailedError"><![CDATA[org.opentest4j.AssertionFailedError: expected: <maria> but was: <Maria>
	at es.davidrico.junit.CuentaTest$PruebasParametrizadasTest.testDebitoCuentaCsvFileSource2(CuentaTest.java:364)
]]></failure>
    <system-out><![CDATA[iniciando el metodo.
finalizando el metodo de prueba.
]]></system-out>
  </testcase>
  <testcase name="testDebitoCuentaCsvFileSource2{String, String, String, String}[4]" classname="es.davidrico.junit.CuentaTest$PruebasParametrizadasTest" time="0.001"/>
  <testcase name="testDebitoCuentaCsvFileSource2{String, String, String, String}[5]" classname="es.davidrico.junit.CuentaTest$PruebasParametrizadasTest" time="0.002">
    <failure message="expected: &lt;Lucas&gt; but was: &lt;Luca&gt;" type="org.opentest4j.AssertionFailedError"><![CDATA[org.opentest4j.AssertionFailedError: expected: <Lucas> but was: <Luca>
	at es.davidrico.junit.CuentaTest$PruebasParametrizadasTest.testDebitoCuentaCsvFileSource2(CuentaTest.java:364)
]]></failure>
    <system-out><![CDATA[iniciando el metodo.
finalizando el metodo de prueba.
]]></system-out>
  </testcase>
  <testcase name="testDebitoCuentaCsvFileSource2{String, String, String, String}[6]" classname="es.davidrico.junit.CuentaTest$PruebasParametrizadasTest" time="0.002">
    <failure message="expected: &lt;true&gt; but was: &lt;false&gt;" type="org.opentest4j.AssertionFailedError"><![CDATA[org.opentest4j.AssertionFailedError: expected: <true> but was: <false>
	at es.davidrico.junit.CuentaTest$PruebasParametrizadasTest.testDebitoCuentaCsvFileSource2(CuentaTest.java:366)
]]></failure>
    <system-out><![CDATA[iniciando el metodo.
finalizando el metodo de prueba.
]]></system-out>
  </testcase>
  <testcase name="testDebitoCuentaValueSource{String}[1]" classname="es.davidrico.junit.CuentaTest$PruebasParametrizadasTest" time="0"/>
  <testcase name="testDebitoCuentaValueSource{String}[2]" classname="es.davidrico.junit.CuentaTest$PruebasParametrizadasTest" time="0.001"/>
  <testcase name="testDebitoCuentaValueSource{String}[3]" classname="es.davidrico.junit.CuentaTest$PruebasParametrizadasTest" time="0.001"/>
  <testcase name="testDebitoCuentaValueSource{String}[4]" classname="es.davidrico.junit.CuentaTest$PruebasParametrizadasTest" time="0.001"/>
  <testcase name="testDebitoCuentaValueSource{String}[5]" classname="es.davidrico.junit.CuentaTest$PruebasParametrizadasTest" time="0.001"/>
  <testcase name="testDebitoCuentaValueSource{String}[6]" classname="es.davidrico.junit.CuentaTest$PruebasParametrizadasTest" time="0.002">
    <failure message="expected: &lt;true&gt; but was: &lt;false&gt;" type="org.opentest4j.AssertionFailedError"><![CDATA[org.opentest4j.AssertionFailedError: expected: <true> but was: <false>
	at es.davidrico.junit.CuentaTest$PruebasParametrizadasTest.testDebitoCuentaValueSource(CuentaTest.java:321)
]]></failure>
    <system-out><![CDATA[iniciando el metodo.
finalizando el metodo de prueba.
]]></system-out>
  </testcase>
  <testcase name="testProcesadores" classname="es.davidrico.junit.CuentaTest$VariableAmbienteTest" time="0.001"/>
  <testcase name="testEnv" classname="es.davidrico.junit.CuentaTest$VariableAmbienteTest" time="0">
    <skipped message="Environment variable [ENVIRONMENT] does not exist"/>
  </testcase>
  <testcase name="testEnvProdDisabled" classname="es.davidrico.junit.CuentaTest$VariableAmbienteTest" time="0"/>
  <testcase name="testJavaHome" classname="es.davidrico.junit.CuentaTest$VariableAmbienteTest" time="0">
    <skipped message="Environment variable [JAVA_HOME] with value [C:\jdk-17.0.2] does not match regular expression [.*jdk-15.0.1.*]"/>
  </testcase>
  <testcase name="imprimirVariablesAmbiente" classname="es.davidrico.junit.CuentaTest$VariableAmbienteTest" time="0.005"/>
  <testcase name="testDev" classname="es.davidrico.junit.CuentaTest$SistemPropertiesTest" time="0">
    <skipped message="System property [ENV] does not exist"/>
  </testcase>
  <testcase name="testNO64" classname="es.davidrico.junit.CuentaTest$SistemPropertiesTest" time="0">
    <skipped message="System property [os.arch] with value [amd64] does not match regular expression [.*32.*]"/>
  </testcase>
  <testcase name="testUsername" classname="es.davidrico.junit.CuentaTest$SistemPropertiesTest" time="0">
    <skipped message="System property [user.name] with value [HP] does not match regular expression [aguzm]"/>
  </testcase>
  <testcase name="testJavaVersion" classname="es.davidrico.junit.CuentaTest$SistemPropertiesTest" time="0">
    <skipped message="System property [java.version] with value [17.0.2] does not match regular expression [.*15.*]"/>
  </testcase>
  <testcase name="imprimirSystemProperties" classname="es.davidrico.junit.CuentaTest$SistemPropertiesTest" time="0.004"/>
  <testcase name="testSolo64" classname="es.davidrico.junit.CuentaTest$SistemPropertiesTest" time="0.002"/>
  <testcase name="soloJDK15" classname="es.davidrico.junit.CuentaTest$JavaVersionTest" time="0">
    <skipped message="Disabled on JRE version: 17.0.2"/>
  </testcase>
  <testcase name="soloJdk8" classname="es.davidrico.junit.CuentaTest$JavaVersionTest" time="0">
    <skipped message="Disabled on JRE version: 17.0.2"/>
  </testcase>
  <testcase name="testNoJDK15" classname="es.davidrico.junit.CuentaTest$JavaVersionTest" time="0.001"/>
  <testcase name="testNoWindows" classname="es.davidrico.junit.CuentaTest$SistemaOperativoTest" time="0">
    <skipped message="Disabled on operating system: Windows 10"/>
  </testcase>
  <testcase name="testSoloLinuxMac" classname="es.davidrico.junit.CuentaTest$SistemaOperativoTest" time="0">
    <skipped message="Disabled on operating system: Windows 10"/>
  </testcase>
  <testcase name="testSoloWindows" classname="es.davidrico.junit.CuentaTest$SistemaOperativoTest" time="0"/>
  <testcase name="testCreditoCuenta" classname="es.davidrico.junit.CuentaTest$CuentaOperacionesTest" time="0"/>
  <testcase name="testDebitoCuenta" classname="es.davidrico.junit.CuentaTest$CuentaOperacionesTest" time="0.001"/>
  <testcase name="testTransferirDineroCuentas" classname="es.davidrico.junit.CuentaTest$CuentaOperacionesTest" time="0.001"/>
  <testcase name="testSaldoCuenta" classname="es.davidrico.junit.CuentaTest$CuentaTestNombreSaldo" time="0.001"/>
  <testcase name="testReferenciaCuenta" classname="es.davidrico.junit.CuentaTest$CuentaTestNombreSaldo" time="0.001"/>
  <testcase name="testNombreCuenta" classname="es.davidrico.junit.CuentaTest$CuentaTestNombreSaldo" time="0.002"/>
</testsuite>